2019-07-05 17:54:10,491 [myid:] - INFO  [main:QuorumPeerConfig@136] - Reading configuration from: /home/nakao/Projetos/TweetPy2/TwitterSpark/lib/zookeeper-3.4.14/bin/../conf/zoo.cfg
2019-07-05 17:54:10,519 [myid:] - INFO  [main:DatadirCleanupManager@78] - autopurge.snapRetainCount set to 3
2019-07-05 17:54:10,519 [myid:] - INFO  [main:DatadirCleanupManager@79] - autopurge.purgeInterval set to 0
2019-07-05 17:54:10,520 [myid:] - INFO  [main:DatadirCleanupManager@101] - Purge task is not scheduled.
2019-07-05 17:54:10,520 [myid:] - WARN  [main:QuorumPeerMain@116] - Either no config or no quorum defined in config, running  in standalone mode
2019-07-05 17:54:10,565 [myid:] - INFO  [main:QuorumPeerConfig@136] - Reading configuration from: /home/nakao/Projetos/TweetPy2/TwitterSpark/lib/zookeeper-3.4.14/bin/../conf/zoo.cfg
2019-07-05 17:54:10,565 [myid:] - INFO  [main:ZooKeeperServerMain@98] - Starting server
2019-07-05 17:54:10,586 [myid:] - INFO  [main:Environment@100] - Server environment:zookeeper.version=3.4.14-4c25d480e66aadd371de8bd2fd8da255ac140bcf, built on 03/06/2019 16:18 GMT
2019-07-05 17:54:10,587 [myid:] - INFO  [main:Environment@100] - Server environment:host.name=nakao-Aspire-E5-573
2019-07-05 17:54:10,587 [myid:] - INFO  [main:Environment@100] - Server environment:java.version=11.0.3
2019-07-05 17:54:10,587 [myid:] - INFO  [main:Environment@100] - Server environment:java.vendor=Oracle Corporation
2019-07-05 17:54:10,588 [myid:] - INFO  [main:Environment@100] - Server environment:java.home=/usr/lib/jvm/java-11-openjdk-amd64
2019-07-05 17:54:10,588 [myid:] - INFO  [main:Environment@100] - Server environment:java.class.path=/home/nakao/Projetos/TweetPy2/TwitterSpark/lib/zookeeper-3.4.14/bin/../zookeeper-server/target/classes:/home/nakao/Projetos/TweetPy2/TwitterSpark/lib/zookeeper-3.4.14/bin/../build/classes:/home/nakao/Projetos/TweetPy2/TwitterSpark/lib/zookeeper-3.4.14/bin/../zookeeper-server/target/lib/*.jar:/home/nakao/Projetos/TweetPy2/TwitterSpark/lib/zookeeper-3.4.14/bin/../build/lib/*.jar:/home/nakao/Projetos/TweetPy2/TwitterSpark/lib/zookeeper-3.4.14/bin/../lib/slf4j-log4j12-1.7.25.jar:/home/nakao/Projetos/TweetPy2/TwitterSpark/lib/zookeeper-3.4.14/bin/../lib/slf4j-api-1.7.25.jar:/home/nakao/Projetos/TweetPy2/TwitterSpark/lib/zookeeper-3.4.14/bin/../lib/netty-3.10.6.Final.jar:/home/nakao/Projetos/TweetPy2/TwitterSpark/lib/zookeeper-3.4.14/bin/../lib/log4j-1.2.17.jar:/home/nakao/Projetos/TweetPy2/TwitterSpark/lib/zookeeper-3.4.14/bin/../lib/jline-0.9.94.jar:/home/nakao/Projetos/TweetPy2/TwitterSpark/lib/zookeeper-3.4.14/bin/../lib/audience-annotations-0.5.0.jar:/home/nakao/Projetos/TweetPy2/TwitterSpark/lib/zookeeper-3.4.14/bin/../zookeeper-3.4.14.jar:/home/nakao/Projetos/TweetPy2/TwitterSpark/lib/zookeeper-3.4.14/bin/../zookeeper-server/src/main/resources/lib/*.jar:/home/nakao/Projetos/TweetPy2/TwitterSpark/lib/zookeeper-3.4.14/bin/../conf:
2019-07-05 17:54:10,588 [myid:] - INFO  [main:Environment@100] - Server environment:java.library.path=/usr/java/packages/lib:/usr/lib/x86_64-linux-gnu/jni:/lib/x86_64-linux-gnu:/usr/lib/x86_64-linux-gnu:/usr/lib/jni:/lib:/usr/lib
2019-07-05 17:54:10,588 [myid:] - INFO  [main:Environment@100] - Server environment:java.io.tmpdir=/tmp
2019-07-05 17:54:10,589 [myid:] - INFO  [main:Environment@100] - Server environment:java.compiler=<NA>
2019-07-05 17:54:10,591 [myid:] - INFO  [main:Environment@100] - Server environment:os.name=Linux
2019-07-05 17:54:10,591 [myid:] - INFO  [main:Environment@100] - Server environment:os.arch=amd64
2019-07-05 17:54:10,591 [myid:] - INFO  [main:Environment@100] - Server environment:os.version=4.15.0-54-generic
2019-07-05 17:54:10,592 [myid:] - INFO  [main:Environment@100] - Server environment:user.name=root
2019-07-05 17:54:10,592 [myid:] - INFO  [main:Environment@100] - Server environment:user.home=/root
2019-07-05 17:54:10,592 [myid:] - INFO  [main:Environment@100] - Server environment:user.dir=/home/nakao/Projetos/TweetPy2/TwitterSpark/lib/zookeeper-3.4.14/bin
2019-07-05 17:54:10,607 [myid:] - INFO  [main:ZooKeeperServer@836] - tickTime set to 2000
2019-07-05 17:54:10,607 [myid:] - INFO  [main:ZooKeeperServer@845] - minSessionTimeout set to -1
2019-07-05 17:54:10,607 [myid:] - INFO  [main:ZooKeeperServer@854] - maxSessionTimeout set to -1
2019-07-05 17:54:10,616 [myid:] - INFO  [main:ServerCnxnFactory@117] - Using org.apache.zookeeper.server.NIOServerCnxnFactory as server connection factory
2019-07-05 17:54:10,630 [myid:] - INFO  [main:NIOServerCnxnFactory@89] - binding to port 0.0.0.0/0.0.0.0:2181
