[2019-07-07 15:02:11,863] INFO [Controller id=0] Processing automatic preferred replica leader election (kafka.controller.KafkaController)
[2019-07-07 15:02:11,864] TRACE [Controller id=0] Checking need to trigger auto leader balancing (kafka.controller.KafkaController)
[2019-07-07 15:02:11,865] DEBUG [Controller id=0] Preferred replicas by broker Map(0 -> Map(twitterEng-0 -> Vector(0))) (kafka.controller.KafkaController)
[2019-07-07 15:02:11,865] DEBUG [Controller id=0] Topics not in preferred replica for broker 0 Map() (kafka.controller.KafkaController)
[2019-07-07 15:02:11,865] TRACE [Controller id=0] Leader imbalance ratio for broker 0 is 0.0 (kafka.controller.KafkaController)
[2019-07-07 15:07:11,865] INFO [Controller id=0] Processing automatic preferred replica leader election (kafka.controller.KafkaController)
[2019-07-07 15:07:11,866] TRACE [Controller id=0] Checking need to trigger auto leader balancing (kafka.controller.KafkaController)
[2019-07-07 15:07:11,866] DEBUG [Controller id=0] Preferred replicas by broker Map(0 -> Map(twitterEng-0 -> Vector(0))) (kafka.controller.KafkaController)
[2019-07-07 15:07:11,866] DEBUG [Controller id=0] Topics not in preferred replica for broker 0 Map() (kafka.controller.KafkaController)
[2019-07-07 15:07:11,866] TRACE [Controller id=0] Leader imbalance ratio for broker 0 is 0.0 (kafka.controller.KafkaController)
[2019-07-07 15:12:11,867] INFO [Controller id=0] Processing automatic preferred replica leader election (kafka.controller.KafkaController)
[2019-07-07 15:12:11,867] TRACE [Controller id=0] Checking need to trigger auto leader balancing (kafka.controller.KafkaController)
[2019-07-07 15:12:11,867] DEBUG [Controller id=0] Preferred replicas by broker Map(0 -> Map(twitterEng-0 -> Vector(0))) (kafka.controller.KafkaController)
[2019-07-07 15:12:11,868] DEBUG [Controller id=0] Topics not in preferred replica for broker 0 Map() (kafka.controller.KafkaController)
[2019-07-07 15:12:11,868] TRACE [Controller id=0] Leader imbalance ratio for broker 0 is 0.0 (kafka.controller.KafkaController)
[2019-07-07 15:17:11,868] INFO [Controller id=0] Processing automatic preferred replica leader election (kafka.controller.KafkaController)
[2019-07-07 15:17:11,868] TRACE [Controller id=0] Checking need to trigger auto leader balancing (kafka.controller.KafkaController)
[2019-07-07 15:17:11,868] DEBUG [Controller id=0] Preferred replicas by broker Map(0 -> Map(twitterEng-0 -> Vector(0))) (kafka.controller.KafkaController)
[2019-07-07 15:17:11,869] DEBUG [Controller id=0] Topics not in preferred replica for broker 0 Map() (kafka.controller.KafkaController)
[2019-07-07 15:17:11,869] TRACE [Controller id=0] Leader imbalance ratio for broker 0 is 0.0 (kafka.controller.KafkaController)
[2019-07-07 15:22:11,869] INFO [Controller id=0] Processing automatic preferred replica leader election (kafka.controller.KafkaController)
[2019-07-07 15:22:11,869] TRACE [Controller id=0] Checking need to trigger auto leader balancing (kafka.controller.KafkaController)
[2019-07-07 15:22:11,869] DEBUG [Controller id=0] Preferred replicas by broker Map(0 -> Map(twitterEng-0 -> Vector(0))) (kafka.controller.KafkaController)
[2019-07-07 15:22:11,870] DEBUG [Controller id=0] Topics not in preferred replica for broker 0 Map() (kafka.controller.KafkaController)
[2019-07-07 15:22:11,870] TRACE [Controller id=0] Leader imbalance ratio for broker 0 is 0.0 (kafka.controller.KafkaController)
