[2019-07-09T23:29:36.948-0300][gc,heap] Heap region size: 1M
[2019-07-09T23:29:36.958-0300][gc     ] Using G1
[2019-07-09T23:29:36.958-0300][gc,heap,coops] Heap address: 0x00000000c0000000, size: 1024 MB, Compressed Oops mode: 32-bit
[2019-07-09T23:29:36.958-0300][gc,cds       ] Mark closed archive regions in map: [0x00000000fff00000, 0x00000000fff69ff8]
[2019-07-09T23:29:36.958-0300][gc,cds       ] Mark open archive regions in map: [0x00000000ffe00000, 0x00000000ffe34ff8]
[2019-07-09T23:29:39.583-0300][gc,start     ] GC(0) Pause Young (Normal) (G1 Evacuation Pause)
[2019-07-09T23:29:39.583-0300][gc,task      ] GC(0) Using 4 workers of 4 for evacuation
[2019-07-09T23:29:39.599-0300][gc,phases    ] GC(0)   Pre Evacuate Collection Set: 0,0ms
[2019-07-09T23:29:39.599-0300][gc,phases    ] GC(0)   Evacuate Collection Set: 14,8ms
[2019-07-09T23:29:39.599-0300][gc,phases    ] GC(0)   Post Evacuate Collection Set: 0,5ms
[2019-07-09T23:29:39.599-0300][gc,phases    ] GC(0)   Other: 0,5ms
[2019-07-09T23:29:39.599-0300][gc,heap      ] GC(0) Eden regions: 51->0(44)
[2019-07-09T23:29:39.599-0300][gc,heap      ] GC(0) Survivor regions: 0->7(7)
[2019-07-09T23:29:39.599-0300][gc,heap      ] GC(0) Old regions: 2->2
[2019-07-09T23:29:39.599-0300][gc,heap      ] GC(0) Humongous regions: 0->0
[2019-07-09T23:29:39.599-0300][gc,metaspace ] GC(0) Metaspace: 16840K->16840K(1064960K)
[2019-07-09T23:29:39.599-0300][gc           ] GC(0) Pause Young (Normal) (G1 Evacuation Pause) 51M->6M(1024M) 15,986ms
[2019-07-09T23:29:39.599-0300][gc,cpu       ] GC(0) User=0,03s Sys=0,00s Real=0,02s
[2019-07-09T23:29:40.156-0300][gc,start     ] GC(1) Pause Young (Concurrent Start) (Metadata GC Threshold)
[2019-07-09T23:29:40.156-0300][gc,task      ] GC(1) Using 4 workers of 4 for evacuation
[2019-07-09T23:29:40.172-0300][gc,phases    ] GC(1)   Pre Evacuate Collection Set: 0,1ms
[2019-07-09T23:29:40.172-0300][gc,phases    ] GC(1)   Evacuate Collection Set: 15,4ms
[2019-07-09T23:29:40.172-0300][gc,phases    ] GC(1)   Post Evacuate Collection Set: 0,6ms
[2019-07-09T23:29:40.172-0300][gc,phases    ] GC(1)   Other: 0,3ms
[2019-07-09T23:29:40.172-0300][gc,heap      ] GC(1) Eden regions: 15->0(50)
[2019-07-09T23:29:40.172-0300][gc,heap      ] GC(1) Survivor regions: 7->1(7)
[2019-07-09T23:29:40.172-0300][gc,heap      ] GC(1) Old regions: 2->8
[2019-07-09T23:29:40.172-0300][gc,heap      ] GC(1) Humongous regions: 0->0
[2019-07-09T23:29:40.172-0300][gc,metaspace ] GC(1) Metaspace: 20524K->20524K(1067008K)
[2019-07-09T23:29:40.172-0300][gc           ] GC(1) Pause Young (Concurrent Start) (Metadata GC Threshold) 20M->7M(1024M) 16,567ms
[2019-07-09T23:29:40.172-0300][gc,cpu       ] GC(1) User=0,04s Sys=0,00s Real=0,01s
[2019-07-09T23:29:40.173-0300][gc           ] GC(2) Concurrent Cycle
[2019-07-09T23:29:40.173-0300][gc,marking   ] GC(2) Concurrent Clear Claimed Marks
[2019-07-09T23:29:40.173-0300][gc,marking   ] GC(2) Concurrent Clear Claimed Marks 0,196ms
[2019-07-09T23:29:40.173-0300][gc,marking   ] GC(2) Concurrent Scan Root Regions
[2019-07-09T23:29:40.174-0300][gc,marking   ] GC(2) Concurrent Scan Root Regions 1,338ms
[2019-07-09T23:29:40.174-0300][gc,marking   ] GC(2) Concurrent Mark (3,230s)
[2019-07-09T23:29:40.174-0300][gc,marking   ] GC(2) Concurrent Mark From Roots
[2019-07-09T23:29:40.174-0300][gc,task      ] GC(2) Using 1 workers of 1 for marking
[2019-07-09T23:29:40.189-0300][gc,marking   ] GC(2) Concurrent Mark From Roots 14,829ms
[2019-07-09T23:29:40.189-0300][gc,marking   ] GC(2) Concurrent Preclean
[2019-07-09T23:29:40.189-0300][gc,marking   ] GC(2) Concurrent Preclean 0,097ms
[2019-07-09T23:29:40.189-0300][gc,marking   ] GC(2) Concurrent Mark (3,230s, 3,245s) 14,992ms
[2019-07-09T23:29:40.189-0300][gc,start     ] GC(2) Pause Remark
[2019-07-09T23:29:40.193-0300][gc,stringtable] GC(2) Cleaned string and symbol table, strings: 4841 processed, 0 removed, symbols: 49813 processed, 53 removed
[2019-07-09T23:29:40.193-0300][gc            ] GC(2) Pause Remark 8M->8M(1024M) 3,666ms
[2019-07-09T23:29:40.193-0300][gc,cpu        ] GC(2) User=0,01s Sys=0,00s Real=0,00s
[2019-07-09T23:29:40.193-0300][gc,marking    ] GC(2) Concurrent Rebuild Remembered Sets
[2019-07-09T23:29:40.198-0300][gc,marking    ] GC(2) Concurrent Rebuild Remembered Sets 4,795ms
[2019-07-09T23:29:40.198-0300][gc,start      ] GC(2) Pause Cleanup
[2019-07-09T23:29:40.198-0300][gc            ] GC(2) Pause Cleanup 8M->8M(1024M) 0,367ms
[2019-07-09T23:29:40.199-0300][gc,cpu        ] GC(2) User=0,00s Sys=0,00s Real=0,00s
[2019-07-09T23:29:40.199-0300][gc,marking    ] GC(2) Concurrent Cleanup for Next Mark
[2019-07-09T23:29:40.208-0300][gc,marking    ] GC(2) Concurrent Cleanup for Next Mark 9,674ms
[2019-07-09T23:29:40.208-0300][gc            ] GC(2) Concurrent Cycle 35,746ms
[2019-07-09T23:29:42.299-0300][gc,start      ] GC(3) Pause Young (Normal) (G1 Evacuation Pause)
[2019-07-09T23:29:42.299-0300][gc,task       ] GC(3) Using 4 workers of 4 for evacuation
[2019-07-09T23:29:42.314-0300][gc,phases     ] GC(3)   Pre Evacuate Collection Set: 0,0ms
[2019-07-09T23:29:42.314-0300][gc,phases     ] GC(3)   Evacuate Collection Set: 14,0ms
[2019-07-09T23:29:42.314-0300][gc,phases     ] GC(3)   Post Evacuate Collection Set: 0,7ms
[2019-07-09T23:29:42.314-0300][gc,phases     ] GC(3)   Other: 0,3ms
[2019-07-09T23:29:42.314-0300][gc,heap       ] GC(3) Eden regions: 50->0(46)
[2019-07-09T23:29:42.314-0300][gc,heap       ] GC(3) Survivor regions: 1->5(7)
[2019-07-09T23:29:42.314-0300][gc,heap       ] GC(3) Old regions: 8->8
[2019-07-09T23:29:42.314-0300][gc,heap       ] GC(3) Humongous regions: 129->129
[2019-07-09T23:29:42.314-0300][gc,metaspace  ] GC(3) Metaspace: 30187K->30187K(1077248K)
[2019-07-09T23:29:42.314-0300][gc            ] GC(3) Pause Young (Normal) (G1 Evacuation Pause) 186M->140M(1024M) 15,113ms
[2019-07-09T23:29:42.314-0300][gc,cpu        ] GC(3) User=0,05s Sys=0,00s Real=0,02s
